<?xml version="1.0" encoding="UTF-8"?>
<!-- Generated by org.testng.reporters.JUnitReportReporter -->
<testsuite hostname="SHORAYARAJ" failures="0" tests="3" name="Rahulshettyacademy.rahulshettyacademy.tests.StandAloneTest2" time="33.318" errors="0" timestamp="2024-03-31T08:47:06 IST" skipped="0">
  <testcase classname="Rahulshettyacademy.rahulshettyacademy.tests.StandAloneTest2" name="GotoOrderHistory" time="6.486"/>
  <system-out/>
  <testcase classname="Rahulshettyacademy.rahulshettyacademy.tests.StandAloneTest2" name="Endtoendtest" time="20.551"/>
  <system-out/>
  <testcase classname="Rahulshettyacademy.rahulshettyacademy.tests.StandAloneTest2" name="Endtoendtest" time="6.281"/>
  <system-out/>
</testsuite> <!-- Rahulshettyacademy.rahulshettyacademy.tests.StandAloneTest2 -->
