<?xml version="1.0" encoding="UTF-8"?>
<!-- Generated by org.testng.reporters.JUnitReportReporter -->
<testsuite hostname="SHORAYARAJ" failures="0" tests="3" name="Rahulshettyacademy.rahulshettyacademy.tests.StandAloneTest2" time="49.392" errors="0" timestamp="2024-04-02T00:07:32 IST" skipped="0">
  <testcase classname="Rahulshettyacademy.rahulshettyacademy.tests.StandAloneTest2" name="GotoOrderHistory" time="8.607"/>
  <testcase classname="Rahulshettyacademy.rahulshettyacademy.tests.StandAloneTest2" name="Endtoendtest" time="17.355"/>
  <testcase classname="Rahulshettyacademy.rahulshettyacademy.tests.StandAloneTest2" name="Endtoendtest" time="23.430"/>
</testsuite> <!-- Rahulshettyacademy.rahulshettyacademy.tests.StandAloneTest2 -->
