<?xml version="1.0" encoding="UTF-8"?>
<!-- Generated by org.testng.reporters.JUnitReportReporter -->
<testsuite hostname="SHORAYARAJ" failures="0" tests="1" name="Rahulshettyacademy.rahulshettyacademy.tests.ErrorvalidationTest" time="23.251" errors="0" timestamp="2024-04-02T00:25:49 IST" skipped="0">
  <testcase classname="Rahulshettyacademy.rahulshettyacademy.tests.ErrorvalidationTest" name="Producterrorvalidation" time="23.251"/>
</testsuite> <!-- Rahulshettyacademy.rahulshettyacademy.tests.ErrorvalidationTest -->
